<?xml version="1.0" encoding="UTF-8"?>
<testsuite xmlns:xsi="http://www.w3.org/2001/XMLSchema-instance" xsi:noNamespaceSchemaLocation="https://maven.apache.org/surefire/maven-surefire-plugin/xsd/surefire-test-report-3.0.xsd" version="3.0" name="TestSuite" time="1.127" tests="12" errors="0" skipped="0" failures="0">
  <properties>
    <property name="sun.desktop" value="windows"/>
    <property name="awt.toolkit" value="sun.awt.windows.WToolkit"/>
    <property name="java.specification.version" value="12"/>
    <property name="sun.cpu.isalist" value="amd64"/>
    <property name="sun.jnu.encoding" value="Cp1252"/>
    <property name="java.class.path" value="C:\Users\svirajaj\eclipse-workspace\MavenDemoTest\target\test-classes;C:\Users\svirajaj\eclipse-workspace\MavenDemoTest\target\classes;C:\Users\svirajaj\.m2\repository\org\testng\testng\7.1.0\testng-7.1.0.jar;C:\Users\svirajaj\.m2\repository\com\beust\jcommander\1.72\jcommander-1.72.jar;C:\Users\svirajaj\.m2\repository\com\google\inject\guice\4.1.0\guice-4.1.0-no_aop.jar;C:\Users\svirajaj\.m2\repository\javax\inject\javax.inject\1\javax.inject-1.jar;C:\Users\svirajaj\.m2\repository\aopalliance\aopalliance\1.0\aopalliance-1.0.jar;C:\Users\svirajaj\.m2\repository\org\yaml\snakeyaml\1.21\snakeyaml-1.21.jar;C:\Users\svirajaj\.m2\repository\org\seleniumhq\selenium\selenium-java\3.141.59\selenium-java-3.141.59.jar;C:\Users\svirajaj\.m2\repository\org\seleniumhq\selenium\selenium-api\3.141.59\selenium-api-3.141.59.jar;C:\Users\svirajaj\.m2\repository\org\seleniumhq\selenium\selenium-chrome-driver\3.141.59\selenium-chrome-driver-3.141.59.jar;C:\Users\svirajaj\.m2\repository\org\seleniumhq\selenium\selenium-edge-driver\3.141.59\selenium-edge-driver-3.141.59.jar;C:\Users\svirajaj\.m2\repository\org\seleniumhq\selenium\selenium-firefox-driver\3.141.59\selenium-firefox-driver-3.141.59.jar;C:\Users\svirajaj\.m2\repository\org\seleniumhq\selenium\selenium-ie-driver\3.141.59\selenium-ie-driver-3.141.59.jar;C:\Users\svirajaj\.m2\repository\org\seleniumhq\selenium\selenium-opera-driver\3.141.59\selenium-opera-driver-3.141.59.jar;C:\Users\svirajaj\.m2\repository\org\seleniumhq\selenium\selenium-remote-driver\3.141.59\selenium-remote-driver-3.141.59.jar;C:\Users\svirajaj\.m2\repository\org\seleniumhq\selenium\selenium-safari-driver\3.141.59\selenium-safari-driver-3.141.59.jar;C:\Users\svirajaj\.m2\repository\org\seleniumhq\selenium\selenium-support\3.141.59\selenium-support-3.141.59.jar;C:\Users\svirajaj\.m2\repository\net\bytebuddy\byte-buddy\1.8.15\byte-buddy-1.8.15.jar;C:\Users\svirajaj\.m2\repository\org\apache\commons\commons-exec\1.3\commons-exec-1.3.jar;C:\Users\svirajaj\.m2\repository\com\google\guava\guava\25.0-jre\guava-25.0-jre.jar;C:\Users\svirajaj\.m2\repository\com\google\code\findbugs\jsr305\1.3.9\jsr305-1.3.9.jar;C:\Users\svirajaj\.m2\repository\org\checkerframework\checker-compat-qual\2.0.0\checker-compat-qual-2.0.0.jar;C:\Users\svirajaj\.m2\repository\com\google\errorprone\error_prone_annotations\2.1.3\error_prone_annotations-2.1.3.jar;C:\Users\svirajaj\.m2\repository\com\google\j2objc\j2objc-annotations\1.1\j2objc-annotations-1.1.jar;C:\Users\svirajaj\.m2\repository\org\codehaus\mojo\animal-sniffer-annotations\1.14\animal-sniffer-annotations-1.14.jar;C:\Users\svirajaj\.m2\repository\com\squareup\okhttp3\okhttp\3.11.0\okhttp-3.11.0.jar;C:\Users\svirajaj\.m2\repository\com\squareup\okio\okio\1.14.0\okio-1.14.0.jar;"/>
    <property name="java.vm.vendor" value="Oracle Corporation"/>
    <property name="sun.arch.data.model" value="64"/>
    <property name="user.variant" value=""/>
    <property name="java.vendor.url" value="https://java.oracle.com/"/>
    <property name="user.timezone" value="Asia/Calcutta"/>
    <property name="os.name" value="Windows 10"/>
    <property name="java.vm.specification.version" value="12"/>
    <property name="sun.java.launcher" value="SUN_STANDARD"/>
    <property name="user.country" value="GB"/>
    <property name="sun.boot.library.path" value="C:\Program Files\OpenJDK12\bin"/>
    <property name="sun.java.command" value="C:\Users\svirajaj\AppData\Local\Temp\surefire4212806418287814545\surefirebooter1304284339625974206.jar C:\Users\svirajaj\AppData\Local\Temp\surefire4212806418287814545 2020-08-27T22-26-47_063-jvmRun1 surefire3136049331150554604tmp surefire_013671540455957028334tmp"/>
    <property name="jdk.debug" value="release"/>
    <property name="surefire.test.class.path" value="C:\Users\svirajaj\eclipse-workspace\MavenDemoTest\target\test-classes;C:\Users\svirajaj\eclipse-workspace\MavenDemoTest\target\classes;C:\Users\svirajaj\.m2\repository\org\testng\testng\7.1.0\testng-7.1.0.jar;C:\Users\svirajaj\.m2\repository\com\beust\jcommander\1.72\jcommander-1.72.jar;C:\Users\svirajaj\.m2\repository\com\google\inject\guice\4.1.0\guice-4.1.0-no_aop.jar;C:\Users\svirajaj\.m2\repository\javax\inject\javax.inject\1\javax.inject-1.jar;C:\Users\svirajaj\.m2\repository\aopalliance\aopalliance\1.0\aopalliance-1.0.jar;C:\Users\svirajaj\.m2\repository\org\yaml\snakeyaml\1.21\snakeyaml-1.21.jar;C:\Users\svirajaj\.m2\repository\org\seleniumhq\selenium\selenium-java\3.141.59\selenium-java-3.141.59.jar;C:\Users\svirajaj\.m2\repository\org\seleniumhq\selenium\selenium-api\3.141.59\selenium-api-3.141.59.jar;C:\Users\svirajaj\.m2\repository\org\seleniumhq\selenium\selenium-chrome-driver\3.141.59\selenium-chrome-driver-3.141.59.jar;C:\Users\svirajaj\.m2\repository\org\seleniumhq\selenium\selenium-edge-driver\3.141.59\selenium-edge-driver-3.141.59.jar;C:\Users\svirajaj\.m2\repository\org\seleniumhq\selenium\selenium-firefox-driver\3.141.59\selenium-firefox-driver-3.141.59.jar;C:\Users\svirajaj\.m2\repository\org\seleniumhq\selenium\selenium-ie-driver\3.141.59\selenium-ie-driver-3.141.59.jar;C:\Users\svirajaj\.m2\repository\org\seleniumhq\selenium\selenium-opera-driver\3.141.59\selenium-opera-driver-3.141.59.jar;C:\Users\svirajaj\.m2\repository\org\seleniumhq\selenium\selenium-remote-driver\3.141.59\selenium-remote-driver-3.141.59.jar;C:\Users\svirajaj\.m2\repository\org\seleniumhq\selenium\selenium-safari-driver\3.141.59\selenium-safari-driver-3.141.59.jar;C:\Users\svirajaj\.m2\repository\org\seleniumhq\selenium\selenium-support\3.141.59\selenium-support-3.141.59.jar;C:\Users\svirajaj\.m2\repository\net\bytebuddy\byte-buddy\1.8.15\byte-buddy-1.8.15.jar;C:\Users\svirajaj\.m2\repository\org\apache\commons\commons-exec\1.3\commons-exec-1.3.jar;C:\Users\svirajaj\.m2\repository\com\google\guava\guava\25.0-jre\guava-25.0-jre.jar;C:\Users\svirajaj\.m2\repository\com\google\code\findbugs\jsr305\1.3.9\jsr305-1.3.9.jar;C:\Users\svirajaj\.m2\repository\org\checkerframework\checker-compat-qual\2.0.0\checker-compat-qual-2.0.0.jar;C:\Users\svirajaj\.m2\repository\com\google\errorprone\error_prone_annotations\2.1.3\error_prone_annotations-2.1.3.jar;C:\Users\svirajaj\.m2\repository\com\google\j2objc\j2objc-annotations\1.1\j2objc-annotations-1.1.jar;C:\Users\svirajaj\.m2\repository\org\codehaus\mojo\animal-sniffer-annotations\1.14\animal-sniffer-annotations-1.14.jar;C:\Users\svirajaj\.m2\repository\com\squareup\okhttp3\okhttp\3.11.0\okhttp-3.11.0.jar;C:\Users\svirajaj\.m2\repository\com\squareup\okio\okio\1.14.0\okio-1.14.0.jar;"/>
    <property name="sun.cpu.endian" value="little"/>
    <property name="user.home" value="C:\Users\svirajaj"/>
    <property name="user.language" value="en"/>
    <property name="java.specification.vendor" value="Oracle Corporation"/>
    <property name="java.version.date" value="2019-03-19"/>
    <property name="java.home" value="C:\Program Files\OpenJDK12"/>
    <property name="file.separator" value="\"/>
    <property name="basedir" value="C:\Users\svirajaj\eclipse-workspace\MavenDemoTest"/>
    <property name="java.vm.compressedOopsMode" value="32-bit"/>
    <property name="line.separator" value="&#10;"/>
    <property name="java.vm.specification.vendor" value="Oracle Corporation"/>
    <property name="java.specification.name" value="Java Platform API Specification"/>
    <property name="java.awt.graphicsenv" value="sun.awt.Win32GraphicsEnvironment"/>
    <property name="surefire.real.class.path" value="C:\Users\svirajaj\AppData\Local\Temp\surefire4212806418287814545\surefirebooter1304284339625974206.jar"/>
    <property name="user.script" value=""/>
    <property name="sun.management.compiler" value="HotSpot 64-Bit Tiered Compilers"/>
    <property name="java.runtime.version" value="12+33"/>
    <property name="user.name" value="svirajaj"/>
    <property name="path.separator" value=";"/>
    <property name="os.version" value="10.0"/>
    <property name="java.runtime.name" value="OpenJDK Runtime Environment"/>
    <property name="file.encoding" value="Cp1252"/>
    <property name="java.vm.name" value="OpenJDK 64-Bit Server VM"/>
    <property name="localRepository" value="C:\Users\svirajaj\.m2\repository"/>
    <property name="java.vendor.url.bug" value="https://bugreport.java.com/bugreport/"/>
    <property name="java.io.tmpdir" value="C:\Users\svirajaj\AppData\Local\Temp\"/>
    <property name="java.version" value="12"/>
    <property name="user.dir" value="C:\Users\svirajaj\eclipse-workspace\MavenDemoTest"/>
    <property name="os.arch" value="amd64"/>
    <property name="java.vm.specification.name" value="Java Virtual Machine Specification"/>
    <property name="sun.os.patch.level" value=""/>
    <property name="java.library.path" value="C:\Program Files\OpenJDK12\bin;C:\WINDOWS\Sun\Java\bin;C:\WINDOWS\system32;C:\WINDOWS;C:/Program Files/OpenJDK12/Bin/server;C:/Program Files/OpenJDK12/Bin;C:\WINDOWS\system32;C:\WINDOWS;C:\WINDOWS\System32\Wbem;C:\WINDOWS\System32\WindowsPowerShell\v1.0\;C:\WINDOWS\System32\OpenSSH\;C:\Program Files\OpenJDK12\Bin;C:\Users\svirajaj\AppData\Local\Microsoft\WindowsApps;C:\Users\svirajaj\AppData\Local\Programs\Microsoft VS Code\bin;C:\Users\svirajaj\OneDrive - Capgemini\Documents\NodeJS\node-v12.14.0-win-x64;C:\Users\svirajaj\OneDrive - Capgemini\Documents\Jmeter\apache-jmeter-5.2.1\bin;;C:\Users\svirajaj\OneDrive - Capgemini\Documents\eclipse-java-2019-09-R-win32-x86_64\eclipse;;."/>
    <property name="java.vm.info" value="mixed mode, sharing"/>
    <property name="java.vendor" value="Oracle Corporation"/>
    <property name="java.vm.version" value="12+33"/>
    <property name="sun.io.unicode.encoding" value="UnicodeLittle"/>
    <property name="java.class.version" value="56.0"/>
  </properties>
  <testcase name="firstTest" classname="com.qa.DemoTest" time="0.011">
    <system-out><![CDATA[from first test
]]></system-out>
  </testcase>
  <testcase name="fourthTest" classname="com.qa.DemoTest" time="0">
    <system-out><![CDATA[from fourth test
]]></system-out>
  </testcase>
  <testcase name="secondTest" classname="com.qa.DemoTest" time="0.001">
    <system-out><![CDATA[from second test
]]></system-out>
  </testcase>
  <testcase name="thirdTest" classname="com.qa.DemoTest" time="0">
    <system-out><![CDATA[from third test
]]></system-out>
  </testcase>
  <testcase name="eigthTest" classname="com.qa.DemoTest2" time="0.001">
    <system-out><![CDATA[from eight test from demotest3
]]></system-out>
  </testcase>
  <testcase name="fifthTest" classname="com.qa.DemoTest2" time="0.001">
    <system-out><![CDATA[from fifthTest from demotest3
]]></system-out>
  </testcase>
  <testcase name="seventhTest" classname="com.qa.DemoTest2" time="0.001">
    <system-out><![CDATA[from seventh test from demotest3
]]></system-out>
  </testcase>
  <testcase name="sixthTest" classname="com.qa.DemoTest2" time="0.001">
    <system-out><![CDATA[from sixth test from demotest3
]]></system-out>
  </testcase>
  <testcase name="eigthTest" classname="com.qa.DemoTest3" time="0.001">
    <system-out><![CDATA[from eight test
]]></system-out>
  </testcase>
  <testcase name="fifthTest" classname="com.qa.DemoTest3" time="0.001">
    <system-out><![CDATA[from fifthTest
]]></system-out>
  </testcase>
  <testcase name="seventhTest" classname="com.qa.DemoTest3" time="0.001">
    <system-out><![CDATA[from seventh test
]]></system-out>
  </testcase>
  <testcase name="sixthTest" classname="com.qa.DemoTest3" time="0.001">
    <system-out><![CDATA[from sixth test
]]></system-out>
  </testcase>
</testsuite>