<?xml version="1.0" encoding="UTF-8" ?>
<testsuite tests="4" failures="0" name="com.qa.DemoTest" time="0.011" errors="0" skipped="0">
  <properties>
    <property name="java.runtime.name" value="OpenJDK Runtime Environment"/>
    <property name="java.vm.version" value="12+33"/>
    <property name="sun.boot.library.path" value="C:\Program Files\OpenJDK12\bin"/>
    <property name="maven.multiModuleProjectDirectory" value="C:\Users\svirajaj\eclipse-workspace\MavenDemoTest"/>
    <property name="java.vm.vendor" value="Oracle Corporation"/>
    <property name="java.vendor.url" value="https://java.oracle.com/"/>
    <property name="guice.disable.misplaced.annotation.check" value="true"/>
    <property name="path.separator" value=";"/>
    <property name="java.vm.name" value="OpenJDK 64-Bit Server VM"/>
    <property name="sun.os.patch.level" value=""/>
    <property name="user.script" value=""/>
    <property name="user.country" value="GB"/>
    <property name="sun.java.launcher" value="SUN_STANDARD"/>
    <property name="java.vm.specification.name" value="Java Virtual Machine Specification"/>
    <property name="user.dir" value="C:\Users\svirajaj\eclipse-workspace\MavenDemoTest"/>
    <property name="java.vm.compressedOopsMode" value="32-bit"/>
    <property name="java.runtime.version" value="12+33"/>
    <property name="java.awt.graphicsenv" value="sun.awt.Win32GraphicsEnvironment"/>
    <property name="os.arch" value="amd64"/>
    <property name="java.io.tmpdir" value="C:\Users\svirajaj\AppData\Local\Temp\"/>
    <property name="line.separator" value="
"/>
    <property name="java.vm.specification.vendor" value="Oracle Corporation"/>
    <property name="user.variant" value=""/>
    <property name="os.name" value="Windows 10"/>
    <property name="classworlds.conf" value="C:\Users\svirajaj\eclipse-workspace\.metadata\.plugins\org.eclipse.m2e.launching\launches\m2conf5639483239278267689.tmp"/>
    <property name="sun.jnu.encoding" value="Cp1252"/>
    <property name="java.library.path" value="C:\Program Files\OpenJDK12\bin;C:\WINDOWS\Sun\Java\bin;C:\WINDOWS\system32;C:\WINDOWS;C:/Program Files/OpenJDK12/Bin/server;C:/Program Files/OpenJDK12/Bin;C:\WINDOWS\system32;C:\WINDOWS;C:\WINDOWS\System32\Wbem;C:\WINDOWS\System32\WindowsPowerShell\v1.0\;C:\WINDOWS\System32\OpenSSH\;C:\Program Files\OpenJDK12\Bin;C:\Users\svirajaj\AppData\Local\Microsoft\WindowsApps;C:\Users\svirajaj\AppData\Local\Programs\Microsoft VS Code\bin;C:\Users\svirajaj\OneDrive - Capgemini\Documents\NodeJS\node-v12.14.0-win-x64;C:\Users\svirajaj\OneDrive - Capgemini\Documents\Jmeter\apache-jmeter-5.2.1\bin;;C:\Users\svirajaj\OneDrive - Capgemini\Documents\eclipse-java-2019-09-R-win32-x86_64\eclipse;;."/>
    <property name="jdk.debug" value="release"/>
    <property name="java.class.version" value="56.0"/>
    <property name="java.specification.name" value="Java Platform API Specification"/>
    <property name="sun.management.compiler" value="HotSpot 64-Bit Tiered Compilers"/>
    <property name="os.version" value="10.0"/>
    <property name="user.home" value="C:\Users\svirajaj"/>
    <property name="user.timezone" value="Asia/Calcutta"/>
    <property name="file.encoding" value="Cp1252"/>
    <property name="java.specification.version" value="12"/>
    <property name="user.name" value="svirajaj"/>
    <property name="java.class.path" value="C:\Users\svirajaj\OneDrive - Capgemini\Documents\eclipse-java-2019-09-R-win32-x86_64\eclipse\plugins\org.eclipse.m2e.maven.runtime_1.13.0.20190716-1623\jars\plexus-classworlds-2.6.0.jar"/>
    <property name="java.vm.specification.version" value="12"/>
    <property name="sun.arch.data.model" value="64"/>
    <property name="sun.java.command" value="org.codehaus.plexus.classworlds.launcher.Launcher -B test"/>
    <property name="java.home" value="C:\Program Files\OpenJDK12"/>
    <property name="user.language" value="en"/>
    <property name="java.specification.vendor" value="Oracle Corporation"/>
    <property name="awt.toolkit" value="sun.awt.windows.WToolkit"/>
    <property name="java.vm.info" value="mixed mode, sharing"/>
    <property name="java.version" value="12"/>
    <property name="java.vendor" value="Oracle Corporation"/>
    <property name="maven.home" value="C:\Users\svirajaj\eclipse-workspace\MavenDemoTest\EMBEDDED"/>
    <property name="file.separator" value="\"/>
    <property name="java.version.date" value="2019-03-19"/>
    <property name="java.vendor.url.bug" value="https://bugreport.java.com/bugreport/"/>
    <property name="sun.io.unicode.encoding" value="UnicodeLittle"/>
    <property name="sun.cpu.endian" value="little"/>
    <property name="sun.desktop" value="windows"/>
    <property name="sun.cpu.isalist" value="amd64"/>
  </properties>
  <testcase classname="com.qa.DemoTest" name="firstTest" time="0.011"/>
  <testcase classname="com.qa.DemoTest" name="fourthTest" time="0"/>
  <testcase classname="com.qa.DemoTest" name="secondTest" time="0"/>
  <testcase classname="com.qa.DemoTest" name="thirdTest" time="0"/>
</testsuite>