<?xml version="1.0" encoding="UTF-8"?>
<!-- Generated by org.testng.reporters.JUnitReportReporter -->
<testsuite hostname="LIN65001029" failures="0" tests="4" name="com.qa.DemoTest" time="0.027" errors="0" timestamp="2020-08-27T21:43:41 IST" skipped="0">
  <testcase classname="com.qa.DemoTest" name="thirdTest" time="0.002"/>
  <system-out/>
  <testcase classname="com.qa.DemoTest" name="fourthTest" time="0.002"/>
  <system-out/>
  <testcase classname="com.qa.DemoTest" name="secondTest" time="0.002"/>
  <system-out/>
  <testcase classname="com.qa.DemoTest" name="firstTest" time="0.021"/>
  <system-out/>
</testsuite> <!-- com.qa.DemoTest -->
