<?xml version="1.0" encoding="UTF-8"?>
<!-- Generated by org.testng.reporters.JUnitReportReporter -->
<testsuite hostname="LIN65001029" failures="0" tests="4" name="com.qa.DemoTest3" time="0.001" errors="0" timestamp="2020-09-30T11:29:19 IST" skipped="0">
  <testcase classname="com.qa.DemoTest3" name="eigthTest" time="0.001"/>
  <system-out/>
  <testcase classname="com.qa.DemoTest3" name="sixthTest" time="0.000"/>
  <system-out/>
  <testcase classname="com.qa.DemoTest3" name="seventhTest" time="0.000"/>
  <system-out/>
  <testcase classname="com.qa.DemoTest3" name="fifthTest" time="0.000"/>
  <system-out/>
</testsuite> <!-- com.qa.DemoTest3 -->
