<?xml version="1.0" encoding="UTF-8"?>
<!-- Generated by org.testng.reporters.JUnitReportReporter -->
<testsuite hostname="LIN65001029" failures="0" tests="4" name="com.qa.DemoTest" time="0.008" errors="0" timestamp="2020-12-23T12:04:24 IST" skipped="0">
  <testcase classname="com.qa.DemoTest" name="firstTest" time="0.007"/>
  <system-out/>
  <testcase classname="com.qa.DemoTest" name="secondTest" time="0.000"/>
  <system-out/>
  <testcase classname="com.qa.DemoTest" name="fourthTest" time="0.000"/>
  <system-out/>
  <testcase classname="com.qa.DemoTest" name="thirdTest" time="0.001"/>
  <system-out/>
</testsuite> <!-- com.qa.DemoTest -->
